# JRE version: OpenJDK Runtime Environment (14.0.1+14) (build 14.0.1+14)
# Java VM: OpenJDK 64-Bit Server VM (14.0.1+14, mixed mode, sharing, tiered, compressed oops, g1 gc, bsd-amd64)
Heap:
 garbage-first heap   total 264192K, used 66054K [0x0000000700000000, 0x0000000800000000)
  region size 1024K, 43 young (44032K), 1 survivors (1024K)
 Metaspace       used 14637K, capacity 14979K, committed 15232K, reserved 1062912K
  class space    used 1699K, capacity 1834K, committed 1920K, reserved 1048576K
GC Heap History (20 events):
Event: 1479.035 GC heap before
{Heap before GC invocations=8 (full 0):
 garbage-first heap   total 264192K, used 171518K [0x0000000700000000, 0x0000000800000000)
  region size 1024K, 153 young (156672K), 1 survivors (1024K)
 Metaspace       used 14616K, capacity 14979K, committed 15232K, reserved 1062912K
  class space    used 1697K, capacity 1834K, committed 1920K, reserved 1048576K
}
Event: 1479.035 GC heap after
{Heap after GC invocations=9 (full 0):
 garbage-first heap   total 264192K, used 15870K [0x0000000700000000, 0x0000000800000000)
  region size 1024K, 1 young (1024K), 1 survivors (1024K)
 Metaspace       used 14616K, capacity 14979K, committed 15232K, reserved 1062912K
  class space    used 1697K, capacity 1834K, committed 1920K, reserved 1048576K
}
Event: 1628.500 GC heap before
{Heap before GC invocations=9 (full 0):
 garbage-first heap   total 264192K, used 171518K [0x0000000700000000, 0x0000000800000000)
  region size 1024K, 153 young (156672K), 1 survivors (1024K)
 Metaspace       used 14616K, capacity 14979K, committed 15232K, reserved 1062912K
  class space    used 1697K, capacity 1834K, committed 1920K, reserved 1048576K
}
Event: 1628.501 GC heap after
{Heap after GC invocations=10 (full 0):
 garbage-first heap   total 264192K, used 15872K [0x0000000700000000, 0x0000000800000000)
  region size 1024K, 1 young (1024K), 1 survivors (1024K)
 Metaspace       used 14616K, capacity 14979K, committed 15232K, reserved 1062912K
  class space    used 1697K, capacity 1834K, committed 1920K, reserved 1048576K
}
Event: 1777.912 GC heap before
{Heap before GC invocations=10 (full 0):
 garbage-first heap   total 264192K, used 171520K [0x0000000700000000, 0x0000000800000000)
  region size 1024K, 153 young (156672K), 1 survivors (1024K)
 Metaspace       used 14616K, capacity 14979K, committed 15232K, reserved 1062912K
  class space    used 1697K, capacity 1834K, committed 1920K, reserved 1048576K
}
Event: 1777.913 GC heap after
{Heap after GC invocations=11 (full 0):
 garbage-first heap   total 264192K, used 15870K [0x0000000700000000, 0x0000000800000000)
  region size 1024K, 1 young (1024K), 1 survivors (1024K)
 Metaspace       used 14616K, capacity 14979K, committed 15232K, reserved 1062912K
  class space    used 1697K, capacity 1834K, committed 1920K, reserved 1048576K
}
Event: 1927.345 GC heap before
{Heap before GC invocations=11 (full 0):
 garbage-first heap   total 264192K, used 171518K [0x0000000700000000, 0x0000000800000000)
  region size 1024K, 153 young (156672K), 1 survivors (1024K)
 Metaspace       used 14616K, capacity 14979K, committed 15232K, reserved 1062912K
  class space    used 1697K, capacity 1834K, committed 1920K, reserved 1048576K
}
Event: 1927.346 GC heap after
{Heap after GC invocations=12 (full 0):
 garbage-first heap   total 264192K, used 15872K [0x0000000700000000, 0x0000000800000000)
  region size 1024K, 1 young (1024K), 1 survivors (1024K)
 Metaspace       used 14616K, capacity 14979K, committed 15232K, reserved 1062912K
  class space    used 1697K, capacity 1834K, committed 1920K, reserved 1048576K
}
Event: 2076.793 GC heap before
{Heap before GC invocations=12 (full 0):
 garbage-first heap   total 264192K, used 171520K [0x0000000700000000, 0x0000000800000000)
  region size 1024K, 153 young (156672K), 1 survivors (1024K)
 Metaspace       used 14616K, capacity 14979K, committed 15232K, reserved 1062912K
  class space    used 1697K, capacity 1834K, committed 1920K, reserved 1048576K
}
Event: 2076.794 GC heap after
{Heap after GC invocations=13 (full 0):
 garbage-first heap   total 264192K, used 15870K [0x0000000700000000, 0x0000000800000000)
  region size 1024K, 1 young (1024K), 1 survivors (1024K)
 Metaspace       used 14616K, capacity 14979K, committed 15232K, reserved 1062912K
  class space    used 1697K, capacity 1834K, committed 1920K, reserved 1048576K
}
Event: 2226.167 GC heap before
{Heap before GC invocations=13 (full 0):
 garbage-first heap   total 264192K, used 171518K [0x0000000700000000, 0x0000000800000000)
  region size 1024K, 153 young (156672K), 1 survivors (1024K)
 Metaspace       used 14616K, capacity 14979K, committed 15232K, reserved 1062912K
  class space    used 1697K, capacity 1834K, committed 1920K, reserved 1048576K
}
Event: 2226.167 GC heap after
{Heap after GC invocations=14 (full 0):
 garbage-first heap   total 264192K, used 15872K [0x0000000700000000, 0x0000000800000000)
  region size 1024K, 1 young (1024K), 1 survivors (1024K)
 Metaspace       used 14616K, capacity 14979K, committed 15232K, reserved 1062912K
  class space    used 1697K, capacity 1834K, committed 1920K, reserved 1048576K
}
Event: 2375.614 GC heap before
{Heap before GC invocations=14 (full 0):
 garbage-first heap   total 264192K, used 171520K [0x0000000700000000, 0x0000000800000000)
  region size 1024K, 153 young (156672K), 1 survivors (1024K)
 Metaspace       used 14616K, capacity 14979K, committed 15232K, reserved 1062912K
  class space    used 1697K, capacity 1834K, committed 1920K, reserved 1048576K
}
Event: 2375.615 GC heap after
{Heap after GC invocations=15 (full 0):
 garbage-first heap   total 264192K, used 15870K [0x0000000700000000, 0x0000000800000000)
  region size 1024K, 1 young (1024K), 1 survivors (1024K)
 Metaspace       used 14616K, capacity 14979K, committed 15232K, reserved 1062912K
  class space    used 1697K, capacity 1834K, committed 1920K, reserved 1048576K
}
Event: 2525.064 GC heap before
{Heap before GC invocations=15 (full 0):
 garbage-first heap   total 264192K, used 171518K [0x0000000700000000, 0x0000000800000000)
  region size 1024K, 153 young (156672K), 1 survivors (1024K)
 Metaspace       used 14616K, capacity 14979K, committed 15232K, reserved 1062912K
  class space    used 1697K, capacity 1834K, committed 1920K, reserved 1048576K
}
Event: 2525.065 GC heap after
{Heap after GC invocations=16 (full 0):
 garbage-first heap   total 264192K, used 15872K [0x0000000700000000, 0x0000000800000000)
  region size 1024K, 1 young (1024K), 1 survivors (1024K)
 Metaspace       used 14616K, capacity 14979K, committed 15232K, reserved 1062912K
  class space    used 1697K, capacity 1834K, committed 1920K, reserved 1048576K
}
Event: 2674.133 GC heap before
{Heap before GC invocations=16 (full 0):
 garbage-first heap   total 264192K, used 171520K [0x0000000700000000, 0x0000000800000000)
  region size 1024K, 153 young (156672K), 1 survivors (1024K)
 Metaspace       used 14616K, capacity 14979K, committed 15232K, reserved 1062912K
  class space    used 1697K, capacity 1834K, committed 1920K, reserved 1048576K
}
Event: 2674.133 GC heap after
{Heap after GC invocations=17 (full 0):
 garbage-first heap   total 264192K, used 15870K [0x0000000700000000, 0x0000000800000000)
  region size 1024K, 1 young (1024K), 1 survivors (1024K)
 Metaspace       used 14616K, capacity 14979K, committed 15232K, reserved 1062912K
  class space    used 1697K, capacity 1834K, committed 1920K, reserved 1048576K
}
Event: 2823.107 GC heap before
{Heap before GC invocations=17 (full 0):
 garbage-first heap   total 264192K, used 171518K [0x0000000700000000, 0x0000000800000000)
  region size 1024K, 153 young (156672K), 1 survivors (1024K)
 Metaspace       used 14616K, capacity 14979K, committed 15232K, reserved 1062912K
  class space    used 1697K, capacity 1834K, committed 1920K, reserved 1048576K
}
Event: 2823.108 GC heap after
{Heap after GC invocations=18 (full 0):
 garbage-first heap   total 264192K, used 15878K [0x0000000700000000, 0x0000000800000000)
  region size 1024K, 1 young (1024K), 1 survivors (1024K)
 Metaspace       used 14616K, capacity 14979K, committed 15232K, reserved 1062912K
  class space    used 1697K, capacity 1834K, committed 1920K, reserved 1048576K
}

