# JRE version: OpenJDK Runtime Environment (14.0.1+14) (build 14.0.1+14)
# Java VM: OpenJDK 64-Bit Server VM (14.0.1+14, mixed mode, sharing, tiered, compressed oops, g1 gc, bsd-amd64)
Heap:
 garbage-first heap   total 119808K, used 56263K [0x0000000700000000, 0x0000000800000000)
  region size 1024K, 2 young (2048K), 1 survivors (1024K)
 Metaspace       used 25861K, capacity 26322K, committed 26800K, reserved 1073152K
  class space    used 2978K, capacity 3205K, committed 3328K, reserved 1048576K
GC Heap History (20 events):
Event: 8085.827 GC heap before
{Heap before GC invocations=114 (full 1):
 garbage-first heap   total 92160K, used 75719K [0x0000000700000000, 0x0000000800000000)
  region size 1024K, 48 young (49152K), 1 survivors (1024K)
 Metaspace       used 25853K, capacity 26322K, committed 26800K, reserved 1073152K
  class space    used 2976K, capacity 3205K, committed 3328K, reserved 1048576K
}
Event: 8085.827 GC heap after
{Heap after GC invocations=115 (full 1):
 garbage-first heap   total 92160K, used 27591K [0x0000000700000000, 0x0000000800000000)
  region size 1024K, 1 young (1024K), 1 survivors (1024K)
 Metaspace       used 25853K, capacity 26322K, committed 26800K, reserved 1073152K
  class space    used 2976K, capacity 3205K, committed 3328K, reserved 1048576K
}
Event: 8131.531 GC heap before
{Heap before GC invocations=115 (full 1):
 garbage-first heap   total 92160K, used 75719K [0x0000000700000000, 0x0000000800000000)
  region size 1024K, 48 young (49152K), 1 survivors (1024K)
 Metaspace       used 25853K, capacity 26322K, committed 26800K, reserved 1073152K
  class space    used 2976K, capacity 3205K, committed 3328K, reserved 1048576K
}
Event: 8131.531 GC heap after
{Heap after GC invocations=116 (full 1):
 garbage-first heap   total 92160K, used 27591K [0x0000000700000000, 0x0000000800000000)
  region size 1024K, 1 young (1024K), 1 survivors (1024K)
 Metaspace       used 25853K, capacity 26322K, committed 26800K, reserved 1073152K
  class space    used 2976K, capacity 3205K, committed 3328K, reserved 1048576K
}
Event: 8177.157 GC heap before
{Heap before GC invocations=116 (full 1):
 garbage-first heap   total 92160K, used 75719K [0x0000000700000000, 0x0000000800000000)
  region size 1024K, 48 young (49152K), 1 survivors (1024K)
 Metaspace       used 25853K, capacity 26322K, committed 26800K, reserved 1073152K
  class space    used 2976K, capacity 3205K, committed 3328K, reserved 1048576K
}
Event: 8177.158 GC heap after
{Heap after GC invocations=117 (full 1):
 garbage-first heap   total 92160K, used 27589K [0x0000000700000000, 0x0000000800000000)
  region size 1024K, 1 young (1024K), 1 survivors (1024K)
 Metaspace       used 25853K, capacity 26322K, committed 26800K, reserved 1073152K
  class space    used 2976K, capacity 3205K, committed 3328K, reserved 1048576K
}
Event: 8222.790 GC heap before
{Heap before GC invocations=117 (full 1):
 garbage-first heap   total 92160K, used 75717K [0x0000000700000000, 0x0000000800000000)
  region size 1024K, 48 young (49152K), 1 survivors (1024K)
 Metaspace       used 25853K, capacity 26322K, committed 26800K, reserved 1073152K
  class space    used 2976K, capacity 3205K, committed 3328K, reserved 1048576K
}
Event: 8222.791 GC heap after
{Heap after GC invocations=118 (full 1):
 garbage-first heap   total 92160K, used 27587K [0x0000000700000000, 0x0000000800000000)
  region size 1024K, 1 young (1024K), 1 survivors (1024K)
 Metaspace       used 25853K, capacity 26322K, committed 26800K, reserved 1073152K
  class space    used 2976K, capacity 3205K, committed 3328K, reserved 1048576K
}
Event: 8268.168 GC heap before
{Heap before GC invocations=118 (full 1):
 garbage-first heap   total 92160K, used 75715K [0x0000000700000000, 0x0000000800000000)
  region size 1024K, 48 young (49152K), 1 survivors (1024K)
 Metaspace       used 25853K, capacity 26322K, committed 26800K, reserved 1073152K
  class space    used 2976K, capacity 3205K, committed 3328K, reserved 1048576K
}
Event: 8268.168 GC heap after
{Heap after GC invocations=119 (full 1):
 garbage-first heap   total 92160K, used 27589K [0x0000000700000000, 0x0000000800000000)
  region size 1024K, 1 young (1024K), 1 survivors (1024K)
 Metaspace       used 25853K, capacity 26322K, committed 26800K, reserved 1073152K
  class space    used 2976K, capacity 3205K, committed 3328K, reserved 1048576K
}
Event: 8313.725 GC heap before
{Heap before GC invocations=119 (full 1):
 garbage-first heap   total 92160K, used 75717K [0x0000000700000000, 0x0000000800000000)
  region size 1024K, 48 young (49152K), 1 survivors (1024K)
 Metaspace       used 25853K, capacity 26322K, committed 26800K, reserved 1073152K
  class space    used 2976K, capacity 3205K, committed 3328K, reserved 1048576K
}
Event: 8313.726 GC heap after
{Heap after GC invocations=120 (full 1):
 garbage-first heap   total 92160K, used 27589K [0x0000000700000000, 0x0000000800000000)
  region size 1024K, 1 young (1024K), 1 survivors (1024K)
 Metaspace       used 25853K, capacity 26322K, committed 26800K, reserved 1073152K
  class space    used 2976K, capacity 3205K, committed 3328K, reserved 1048576K
}
Event: 8359.399 GC heap before
{Heap before GC invocations=120 (full 1):
 garbage-first heap   total 92160K, used 75717K [0x0000000700000000, 0x0000000800000000)
  region size 1024K, 48 young (49152K), 1 survivors (1024K)
 Metaspace       used 25853K, capacity 26322K, committed 26800K, reserved 1073152K
  class space    used 2976K, capacity 3205K, committed 3328K, reserved 1048576K
}
Event: 8359.399 GC heap after
{Heap after GC invocations=121 (full 1):
 garbage-first heap   total 92160K, used 27589K [0x0000000700000000, 0x0000000800000000)
  region size 1024K, 1 young (1024K), 1 survivors (1024K)
 Metaspace       used 25853K, capacity 26322K, committed 26800K, reserved 1073152K
  class space    used 2976K, capacity 3205K, committed 3328K, reserved 1048576K
}
Event: 8404.781 GC heap before
{Heap before GC invocations=121 (full 1):
 garbage-first heap   total 92160K, used 75717K [0x0000000700000000, 0x0000000800000000)
  region size 1024K, 48 young (49152K), 1 survivors (1024K)
 Metaspace       used 25853K, capacity 26322K, committed 26800K, reserved 1073152K
  class space    used 2976K, capacity 3205K, committed 3328K, reserved 1048576K
}
Event: 8404.782 GC heap after
{Heap after GC invocations=122 (full 1):
 garbage-first heap   total 92160K, used 27591K [0x0000000700000000, 0x0000000800000000)
  region size 1024K, 1 young (1024K), 1 survivors (1024K)
 Metaspace       used 25853K, capacity 26322K, committed 26800K, reserved 1073152K
  class space    used 2976K, capacity 3205K, committed 3328K, reserved 1048576K
}
Event: 8450.317 GC heap before
{Heap before GC invocations=122 (full 1):
 garbage-first heap   total 92160K, used 75719K [0x0000000700000000, 0x0000000800000000)
  region size 1024K, 48 young (49152K), 1 survivors (1024K)
 Metaspace       used 25853K, capacity 26322K, committed 26800K, reserved 1073152K
  class space    used 2976K, capacity 3205K, committed 3328K, reserved 1048576K
}
Event: 8450.317 GC heap after
{Heap after GC invocations=123 (full 1):
 garbage-first heap   total 92160K, used 27587K [0x0000000700000000, 0x0000000800000000)
  region size 1024K, 1 young (1024K), 1 survivors (1024K)
 Metaspace       used 25853K, capacity 26322K, committed 26800K, reserved 1073152K
  class space    used 2976K, capacity 3205K, committed 3328K, reserved 1048576K
}
Event: 8458.543 GC heap before
{Heap before GC invocations=123 (full 1):
 garbage-first heap   total 92160K, used 35779K [0x0000000700000000, 0x0000000800000000)
  region size 1024K, 10 young (10240K), 1 survivors (1024K)
 Metaspace       used 25857K, capacity 26322K, committed 26800K, reserved 1073152K
  class space    used 2977K, capacity 3205K, committed 3328K, reserved 1048576K
}
Event: 8458.543 GC heap after
{Heap after GC invocations=124 (full 1):
 garbage-first heap   total 92160K, used 27591K [0x0000000700000000, 0x0000000800000000)
  region size 1024K, 1 young (1024K), 1 survivors (1024K)
 Metaspace       used 25857K, capacity 26322K, committed 26800K, reserved 1073152K
  class space    used 2977K, capacity 3205K, committed 3328K, reserved 1048576K
}

